[INFO ][20151230 10:25:54,868][AbstractApplicationContext:510] Refreshing org.springframework.context.support.ClassPathXmlApplicationContext@1b4fad5: startup date [Wed Dec 30 10:25:54 CST 2015]; root of context hierarchy
[INFO ][20151230 10:25:54,924][XmlBeanDefinitionReader:315] Loading XML bean definitions from class path resource [spring/spring-context.xml]
[INFO ][20151230 10:25:55,200][XmlBeanDefinitionReader:315] Loading XML bean definitions from class path resource [spring/spring-mq.xml]
[INFO ][20151230 10:25:55,420][PropertiesLoaderSupport:172] Loading properties file from class path resource [mq.properties]
[INFO ][20151230 10:25:55,522][DefaultListableBeanFactory:598] Pre-instantiating singletons in org.springframework.beans.factory.support.DefaultListableBeanFactory@163f7a1: defining beans [org.springframework.context.annotation.internalConfigurationAnnotationProcessor,org.springframework.context.annotation.internalAutowiredAnnotationProcessor,org.springframework.context.annotation.internalRequiredAnnotationProcessor,org.springframework.context.annotation.internalCommonAnnotationProcessor,mqProducer,org.springframework.context.support.PropertySourcesPlaceholderConfigurer#0,org.springframework.aop.config.internalAutoProxyCreator,targetConnectionFactory,pooledConnectionFactory,connectionFactory,activeMqJmsTemplate,org.springframework.context.annotation.ConfigurationClassPostProcessor.importAwareProcessor]; root of factory hierarchy
[ERROR][20151230 10:26:17,036][MQProducerTest:36] ==>MQ context start error:
org.springframework.jms.UncategorizedJmsException: Uncategorized exception occured during JMS processing; nested exception is javax.jms.JMSException: Error while attempting to add new Connection to the pool; nested exception is javax.jms.JMSException: Could not connect to broker URL: tcp://192.168.4.101:61616. Reason: java.net.ConnectException: Connection timed out: connect
	at org.springframework.jms.support.JmsUtils.convertJmsAccessException(JmsUtils.java:316)
	at org.springframework.jms.support.JmsAccessor.convertJmsAccessException(JmsAccessor.java:168)
	at org.springframework.jms.core.JmsTemplate.execute(JmsTemplate.java:469)
	at org.springframework.jms.core.JmsTemplate.send(JmsTemplate.java:543)
	at org.springframework.jms.core.JmsTemplate.send(JmsTemplate.java:529)
	at wusc.edu.demo.mqtest.MQProducer.sendMessage(MQProducer.java:37)
	at wusc.edu.demo.mqtest.MQProducerTest.main(MQProducerTest.java:32)
Caused by: javax.jms.JMSException: Error while attempting to add new Connection to the pool
	at org.apache.activemq.util.JMSExceptionSupport.create(JMSExceptionSupport.java:35)
	at org.apache.activemq.pool.PooledConnectionFactory.createConnection(PooledConnectionFactory.java:216)
	at org.apache.activemq.pool.PooledConnectionFactory.createConnection(PooledConnectionFactory.java:195)
	at org.springframework.jms.connection.SingleConnectionFactory.doCreateConnection(SingleConnectionFactory.java:342)
	at org.springframework.jms.connection.SingleConnectionFactory.initConnection(SingleConnectionFactory.java:288)
	at org.springframework.jms.connection.SingleConnectionFactory.createConnection(SingleConnectionFactory.java:225)
	at org.springframework.jms.support.JmsAccessor.createConnection(JmsAccessor.java:184)
	at org.springframework.jms.core.JmsTemplate.execute(JmsTemplate.java:456)
	... 4 more
Caused by: javax.jms.JMSException: Could not connect to broker URL: tcp://192.168.4.101:61616. Reason: java.net.ConnectException: Connection timed out: connect
	at org.apache.activemq.util.JMSExceptionSupport.create(JMSExceptionSupport.java:35)
	at org.apache.activemq.ActiveMQConnectionFactory.createActiveMQConnection(ActiveMQConnectionFactory.java:293)
	at org.apache.activemq.ActiveMQConnectionFactory.createActiveMQConnection(ActiveMQConnectionFactory.java:238)
	at org.apache.activemq.ActiveMQConnectionFactory.createConnection(ActiveMQConnectionFactory.java:184)
	at org.apache.activemq.pool.PooledConnectionFactory.createConnection(PooledConnectionFactory.java:247)
	at org.apache.activemq.pool.PooledConnectionFactory$1.makeObject(PooledConnectionFactory.java:131)
	at org.apache.activemq.pool.PooledConnectionFactory$1.makeObject(PooledConnectionFactory.java:111)
	at org.apache.commons.pool.impl.GenericKeyedObjectPool.addObject(GenericKeyedObjectPool.java:1748)
	at org.apache.activemq.pool.PooledConnectionFactory.createConnection(PooledConnectionFactory.java:214)
	... 10 more
Caused by: java.net.ConnectException: Connection timed out: connect
	at java.net.PlainSocketImpl.socketConnect(Native Method)
	at java.net.PlainSocketImpl.doConnect(PlainSocketImpl.java:333)
	at java.net.PlainSocketImpl.connectToAddress(PlainSocketImpl.java:195)
	at java.net.PlainSocketImpl.connect(PlainSocketImpl.java:182)
	at java.net.SocksSocketImpl.connect(SocksSocketImpl.java:366)
	at java.net.Socket.connect(Socket.java:519)
	at org.apache.activemq.transport.tcp.TcpTransport.connect(TcpTransport.java:496)
	at org.apache.activemq.transport.tcp.TcpTransport.doStart(TcpTransport.java:459)
	at org.apache.activemq.util.ServiceSupport.start(ServiceSupport.java:55)
	at org.apache.activemq.transport.AbstractInactivityMonitor.start(AbstractInactivityMonitor.java:140)
	at org.apache.activemq.transport.TransportFilter.start(TransportFilter.java:58)
	at org.apache.activemq.transport.WireFormatNegotiator.start(WireFormatNegotiator.java:72)
	at org.apache.activemq.transport.TransportFilter.start(TransportFilter.java:58)
	at org.apache.activemq.transport.TransportFilter.start(TransportFilter.java:58)
	at org.apache.activemq.ActiveMQConnectionFactory.createActiveMQConnection(ActiveMQConnectionFactory.java:273)
	... 17 more
[INFO ][20151230 10:27:39,436][AbstractApplicationContext:510] Refreshing org.springframework.context.support.ClassPathXmlApplicationContext@1b4fad5: startup date [Wed Dec 30 10:27:39 CST 2015]; root of context hierarchy
[INFO ][20151230 10:27:39,480][XmlBeanDefinitionReader:315] Loading XML bean definitions from class path resource [spring/spring-context.xml]
[INFO ][20151230 10:27:39,631][XmlBeanDefinitionReader:315] Loading XML bean definitions from class path resource [spring/spring-mq.xml]
[INFO ][20151230 10:27:39,727][PropertiesLoaderSupport:172] Loading properties file from class path resource [mq.properties]
[INFO ][20151230 10:27:39,766][DefaultListableBeanFactory:598] Pre-instantiating singletons in org.springframework.beans.factory.support.DefaultListableBeanFactory@163f7a1: defining beans [org.springframework.context.annotation.internalConfigurationAnnotationProcessor,org.springframework.context.annotation.internalAutowiredAnnotationProcessor,org.springframework.context.annotation.internalRequiredAnnotationProcessor,org.springframework.context.annotation.internalCommonAnnotationProcessor,mqProducer,org.springframework.context.support.PropertySourcesPlaceholderConfigurer#0,org.springframework.aop.config.internalAutoProxyCreator,targetConnectionFactory,pooledConnectionFactory,connectionFactory,activeMqJmsTemplate,org.springframework.context.annotation.ConfigurationClassPostProcessor.importAwareProcessor]; root of factory hierarchy
[INFO ][20151230 10:27:40,034][SingleConnectionFactory:291] Established shared JMS Connection: PooledConnection { ConnectionPool[ActiveMQConnection {id=ID:PC201504162342-52057-1451442459898-1:1,clientId=null,started=false}] }
[INFO ][20151230 10:27:40,663][MQProducerTest:39] ===>System.exit
